<?xml version="1.0" encoding="UTF-8"?>
<!-- Generated by org.testng.reporters.JUnitReportReporter -->
<testsuite hostname="DESKTOP-SV9CFRI" failures="0" tests="1" name="com.herokuapp.theinternet.ExceptionsTests" time="83.995" errors="0" timestamp="2023-08-12T12:40:04 IST" skipped="0">
  <testcase classname="com.herokuapp.theinternet.ExceptionsTests" name="invalidElementStateExceptionTest" time="83.995"/>
</testsuite> <!-- com.herokuapp.theinternet.ExceptionsTests -->
